# JRE version: OpenJDK Runtime Environment (24.0+36) (build 24+36-3646)
# Java VM: OpenJDK 64-Bit Server VM (24+36-3646, mixed mode, sharing, tiered, compressed oops, compressed class ptrs, g1 gc, windows-amd64)
GC Precious Log:
 CardTable entry size: 512
 Card Set container configuration: InlinePtr #cards 4 size 8 Array Of Cards #cards 32 size 80 Howl #buckets 8 coarsen threshold 7372 Howl Bitmap #cards 1024 size 144 coarsen threshold 921 Card regions per heap region 1 cards per card region 8192
 CPUs: 16 total, 16 available
 Memory: 32012M
 Large Page Support: Disabled
 NUMA Support: Disabled
 Compressed Oops: Enabled (Zero based)
 Heap Region Size: 4M
 Heap Min Capacity: 8M
 Heap Initial Capacity: 504M
 Heap Max Capacity: 8004M
 Pre-touch: Disabled
 Parallel Workers: 13
 Concurrent Workers: 3
 Concurrent Refinement Workers: 13
 Periodic GC: Disabled
Heap:
 garbage-first heap   total reserved 8196096K, committed 245760K, used 166046K [0x000000060bc00000, 0x0000000800000000)
  region size 4096K, 25 young (102400K), 1 survivors (4096K)
 Metaspace       used 55814K, committed 56512K, reserved 1114112K
  class space    used 6057K, committed 6336K, reserved 1048576K
GC Heap History (20 events):
Event: 1.759 GC heap before
{Heap before GC invocations=3 (full 0):
 garbage-first heap   total reserved 8196096K, committed 69632K, used 62200K [0x000000060bc00000, 0x0000000800000000)
  region size 4096K, 15 young (61440K), 3 survivors (12288K)
 Metaspace       used 25041K, committed 25216K, reserved 1114112K
  class space    used 2550K, committed 2624K, reserved 1048576K
}
Event: 1.764 GC heap after
{Heap after GC invocations=4 (full 0):
 garbage-first heap   total reserved 8196096K, committed 86016K, used 15989K [0x000000060bc00000, 0x0000000800000000)
  region size 4096K, 4 young (16384K), 4 survivors (16384K)
 Metaspace       used 25041K, committed 25216K, reserved 1114112K
  class space    used 2550K, committed 2624K, reserved 1048576K
}
Event: 2.182 GC heap before
{Heap before GC invocations=4 (full 0):
 garbage-first heap   total reserved 8196096K, committed 86016K, used 48757K [0x000000060bc00000, 0x0000000800000000)
  region size 4096K, 12 young (49152K), 4 survivors (16384K)
 Metaspace       used 29336K, committed 29696K, reserved 1114112K
  class space    used 3151K, committed 3328K, reserved 1048576K
}
Event: 2.190 GC heap after
{Heap after GC invocations=5 (full 0):
 garbage-first heap   total reserved 8196096K, committed 86016K, used 17478K [0x000000060bc00000, 0x0000000800000000)
  region size 4096K, 2 young (8192K), 2 survivors (8192K)
 Metaspace       used 29336K, committed 29696K, reserved 1114112K
  class space    used 3151K, committed 3328K, reserved 1048576K
}
Event: 2.798 GC heap before
{Heap before GC invocations=5 (full 0):
 garbage-first heap   total reserved 8196096K, committed 86016K, used 50246K [0x000000060bc00000, 0x0000000800000000)
  region size 4096K, 11 young (45056K), 2 survivors (8192K)
 Metaspace       used 35598K, committed 35968K, reserved 1114112K
  class space    used 3841K, committed 3968K, reserved 1048576K
}
Event: 2.806 GC heap after
{Heap after GC invocations=6 (full 0):
 garbage-first heap   total reserved 8196096K, committed 86016K, used 21117K [0x000000060bc00000, 0x0000000800000000)
  region size 4096K, 2 young (8192K), 2 survivors (8192K)
 Metaspace       used 35598K, committed 35968K, reserved 1114112K
  class space    used 3841K, committed 3968K, reserved 1048576K
}
Event: 3.285 GC heap before
{Heap before GC invocations=7 (full 0):
 garbage-first heap   total reserved 8196096K, committed 86016K, used 57981K [0x000000060bc00000, 0x0000000800000000)
  region size 4096K, 11 young (45056K), 2 survivors (8192K)
 Metaspace       used 42058K, committed 42560K, reserved 1114112K
  class space    used 4485K, committed 4736K, reserved 1048576K
}
Event: 3.289 GC heap after
{Heap after GC invocations=8 (full 0):
 garbage-first heap   total reserved 8196096K, committed 86016K, used 24982K [0x000000060bc00000, 0x0000000800000000)
  region size 4096K, 2 young (8192K), 2 survivors (8192K)
 Metaspace       used 42058K, committed 42560K, reserved 1114112K
  class space    used 4485K, committed 4736K, reserved 1048576K
}
Event: 3.372 GC heap before
{Heap before GC invocations=8 (full 0):
 garbage-first heap   total reserved 8196096K, committed 86016K, used 57750K [0x000000060bc00000, 0x0000000800000000)
  region size 4096K, 11 young (45056K), 2 survivors (8192K)
 Metaspace       used 42109K, committed 42624K, reserved 1114112K
  class space    used 4490K, committed 4736K, reserved 1048576K
}
Event: 3.383 GC heap after
{Heap after GC invocations=9 (full 0):
 garbage-first heap   total reserved 8196096K, committed 94208K, used 43473K [0x000000060bc00000, 0x0000000800000000)
  region size 4096K, 2 young (8192K), 2 survivors (8192K)
 Metaspace       used 42109K, committed 42624K, reserved 1114112K
  class space    used 4490K, committed 4736K, reserved 1048576K
}
Event: 3.421 GC heap before
{Heap before GC invocations=9 (full 0):
 garbage-first heap   total reserved 8196096K, committed 94208K, used 68049K [0x000000060bc00000, 0x0000000800000000)
  region size 4096K, 8 young (32768K), 2 survivors (8192K)
 Metaspace       used 42162K, committed 42624K, reserved 1114112K
  class space    used 4498K, committed 4736K, reserved 1048576K
}
Event: 3.428 GC heap after
{Heap after GC invocations=10 (full 0):
 garbage-first heap   total reserved 8196096K, committed 94208K, used 52405K [0x000000060bc00000, 0x0000000800000000)
  region size 4096K, 1 young (4096K), 1 survivors (4096K)
 Metaspace       used 42162K, committed 42624K, reserved 1114112K
  class space    used 4498K, committed 4736K, reserved 1048576K
}
Event: 3.509 GC heap before
{Heap before GC invocations=10 (full 0):
 garbage-first heap   total reserved 8196096K, committed 94208K, used 68789K [0x000000060bc00000, 0x0000000800000000)
  region size 4096K, 6 young (24576K), 1 survivors (4096K)
 Metaspace       used 42973K, committed 43456K, reserved 1114112K
  class space    used 4574K, committed 4800K, reserved 1048576K
}
Event: 3.511 GC heap after
{Heap after GC invocations=11 (full 0):
 garbage-first heap   total reserved 8196096K, committed 94208K, used 55251K [0x000000060bc00000, 0x0000000800000000)
  region size 4096K, 1 young (4096K), 1 survivors (4096K)
 Metaspace       used 42973K, committed 43456K, reserved 1114112K
  class space    used 4574K, committed 4800K, reserved 1048576K
}
Event: 5.603 GC heap before
{Heap before GC invocations=12 (full 0):
 garbage-first heap   total reserved 8196096K, committed 98304K, used 75731K [0x000000060bc00000, 0x0000000800000000)
  region size 4096K, 6 young (24576K), 1 survivors (4096K)
 Metaspace       used 48009K, committed 48512K, reserved 1114112K
  class space    used 5184K, committed 5376K, reserved 1048576K
}
Event: 5.605 GC heap after
{Heap after GC invocations=13 (full 0):
 garbage-first heap   total reserved 8196096K, committed 98304K, used 56677K [0x000000060bc00000, 0x0000000800000000)
  region size 4096K, 1 young (4096K), 1 survivors (4096K)
 Metaspace       used 48009K, committed 48512K, reserved 1114112K
  class space    used 5184K, committed 5376K, reserved 1048576K
}
Event: 5.689 GC heap before
{Heap before GC invocations=13 (full 0):
 garbage-first heap   total reserved 8196096K, committed 98304K, used 81253K [0x000000060bc00000, 0x0000000800000000)
  region size 4096K, 7 young (28672K), 1 survivors (4096K)
 Metaspace       used 49281K, committed 49792K, reserved 1114112K
  class space    used 5276K, committed 5504K, reserved 1048576K
}
Event: 5.694 GC heap after
{Heap after GC invocations=14 (full 0):
 garbage-first heap   total reserved 8196096K, committed 98304K, used 59378K [0x000000060bc00000, 0x0000000800000000)
  region size 4096K, 1 young (4096K), 1 survivors (4096K)
 Metaspace       used 49281K, committed 49792K, reserved 1114112K
  class space    used 5276K, committed 5504K, reserved 1048576K
}
Event: 5.738 GC heap before
{Heap before GC invocations=14 (full 0):
 garbage-first heap   total reserved 8196096K, committed 98304K, used 79858K [0x000000060bc00000, 0x0000000800000000)
  region size 4096K, 6 young (24576K), 1 survivors (4096K)
 Metaspace       used 49594K, committed 50048K, reserved 1114112K
  class space    used 5300K, committed 5504K, reserved 1048576K
}
Event: 5.745 GC heap after
{Heap after GC invocations=15 (full 0):
 garbage-first heap   total reserved 8196096K, committed 307200K, used 71838K [0x000000060bc00000, 0x0000000800000000)
  region size 4096K, 1 young (4096K), 1 survivors (4096K)
 Metaspace       used 49594K, committed 50048K, reserved 1114112K
  class space    used 5300K, committed 5504K, reserved 1048576K
}

